0 info it worked if it ends with ok
1 verbose cli [ 'C:\\Program Files\\nodejs\\node.exe',
1 verbose cli   'C:\\Program Files\\nodejs\\node_modules\\npm\\bin\\npm-cli.js',
1 verbose cli   'run',
1 verbose cli   'watch' ]
2 info using npm@3.3.12
3 info using node@v5.1.0
4 verbose run-script [ 'prewatch', 'watch', 'postwatch' ]
5 info lifecycle my-app@0.0.0~prewatch: my-app@0.0.0
6 silly lifecycle my-app@0.0.0~prewatch: no script for prewatch, continuing
7 info lifecycle my-app@0.0.0~watch: my-app@0.0.0
8 verbose lifecycle my-app@0.0.0~watch: unsafe-perm in lifecycle true
9 verbose lifecycle my-app@0.0.0~watch: PATH: C:\Program Files\nodejs\node_modules\npm\bin\node-gyp-bin;C:\Users\Redouane\Desktop\TodoList Frontend\node_modules\.bin;C:\ProgramData\Oracle\Java\javapath;C:\Program Files (x86)\Intel\iCLS Client\;C:\Program Files\Intel\iCLS Client\;C:\Windows\system32;C:\Windows;C:\Windows\System32\Wbem;C:\Windows\System32\WindowsPowerShell\v1.0\;C:\Program Files\Intel\Intel(R) Management Engine Components\DAL;C:\Program Files (x86)\Intel\Intel(R) Management Engine Components\DAL;C:\Program Files\Intel\Intel(R) Management Engine Components\IPT;C:\Program Files (x86)\Intel\Intel(R) Management Engine Components\IPT;c:\Program Files (x86)\ATI Technologies\ATI.ACE\Core-Static;C:\Program Files\Intel\WiFi\bin\;C:\Program Files\Common Files\Intel\WirelessCommon\;C:\Program Files\nodejs\;C:\Users\Redouane\AppData\Roaming\npm;C:\Program Files\Java\jdk1.7.0_79\bin
10 verbose lifecycle my-app@0.0.0~watch: CWD: C:\Users\Redouane\Desktop\TodoList Frontend
11 silly lifecycle my-app@0.0.0~watch: Args: [ '/d /s /c', 'npm run watch-css & npm run watch-js' ]
12 silly lifecycle my-app@0.0.0~watch: Returned: code: 1  signal: null
13 info lifecycle my-app@0.0.0~watch: Failed to exec watch script
14 verbose stack Error: my-app@0.0.0 watch: `npm run watch-css & npm run watch-js`
14 verbose stack Exit status 1
14 verbose stack     at EventEmitter.<anonymous> (C:\Program Files\nodejs\node_modules\npm\lib\utils\lifecycle.js:232:16)
14 verbose stack     at emitTwo (events.js:87:13)
14 verbose stack     at EventEmitter.emit (events.js:172:7)
14 verbose stack     at ChildProcess.<anonymous> (C:\Program Files\nodejs\node_modules\npm\lib\utils\spawn.js:24:14)
14 verbose stack     at emitTwo (events.js:87:13)
14 verbose stack     at ChildProcess.emit (events.js:172:7)
14 verbose stack     at maybeClose (internal/child_process.js:818:16)
14 verbose stack     at Process.ChildProcess._handle.onexit (internal/child_process.js:211:5)
15 verbose pkgid my-app@0.0.0
16 verbose cwd C:\Users\Redouane\Desktop\TodoList Frontend
17 error Windows_NT 6.3.9600
18 error argv "C:\\Program Files\\nodejs\\node.exe" "C:\\Program Files\\nodejs\\node_modules\\npm\\bin\\npm-cli.js" "run" "watch"
19 error node v5.1.0
20 error npm  v3.3.12
21 error code ELIFECYCLE
22 error my-app@0.0.0 watch: `npm run watch-css & npm run watch-js`
22 error Exit status 1
23 error Failed at the my-app@0.0.0 watch script 'npm run watch-css & npm run watch-js'.
23 error Make sure you have the latest version of node.js and npm installed.
23 error If you do, this is most likely a problem with the my-app package,
23 error not with npm itself.
23 error Tell the author that this fails on your system:
23 error     npm run watch-css & npm run watch-js
23 error You can get their info via:
23 error     npm owner ls my-app
23 error There is likely additional logging output above.
24 verbose exit [ 1, true ]
